// This log file is used to track access to Sector α—01.
// This file is generated automatically and was created on ██/██/2025.
// MANUAL EDITOR NOTE: This log was created during the Typo Degredation Incident, detailed at IZ-006. Comments (following //) are present in the log file to annotate.

[██/██/2025 19:45:12] [INFO] Attempted access to Sector α—01 (ACCLVL: L2) by user: admin (ACCLVL: L5)
[██/██/2025 19:45:17] [INFO] Access granted to Sector α—01 (ACCLVL: L2) by user: admin (ACCLVL: L5)
[██/██/2025 19:45:25] [WARNING] Unauthorized access to Sector α—01 (ACCLVL: L1) by user: guest (ACCLVL: L0); access preemptively denied
[██/██/2025 19:45:27] [WARNING] Unauthorized access to Sector α—01 (ACCLVL: L1) by user: guest (ACCLVL: L0); access preemptively denied
[██/██/2025 19:45:28] [WARNING] Unauthorized access to Sector α—01 (ACCLVL: L1) by user: guest (ACCLVL: L0); access preemptively denied
[██/██/2025 19:45:29] [WARNING] Unauthorized access to Sector α—01 (ACCLVL: L1) by user: guest (ACCLVL: L0); access preemptively denied
[██/██/2025 19:45:31] [WARNING] Unauthorized access to Sector α—01 (ACCLVL: L1) by user: guest (ACCLVL: L0); access preemptively denied
[██/██/2025 19:45:50] [ERROR] Multiple unauthorized access attempts to Sector α—01 (ACCLVL: L1) by user: guest (ACCLVL: L0); system alert triggered
[██/██/2025 19:45:53] [INFO] Attempted access to Sector α—01 (ACCLVL: L1) by user: guest_ (ACCLVL: L5) // What the fuck?
[██/██/2025 19:45:59] [INFO] Access granted to Sector α—01 (ACCLVL: L1) by user: guest_ (ACCLVL: L5)
[██/██/2025 19:46:12] [INFO] Attempted edit to Sector α—01 in document IZ-005.3 (ACCLVL: L2) by user: guest_ (ACCLVL: L5)
[██/██/2025 19:46:15] [INFO] Edit pushed to Sector α—01 in document IZ-005.3 (ACCLVL: L2) by user: guest_ (ACCLVL: L5); edit name: "THE CAPSIZE IS COMING" // ???
[██/██/2025 19:46:18] [INFO] Attempted edit to Sector α—01 in document IZ-005.4 (ACCLVL: L2) by user: guest_ (ACCLVL: L5)
[██/██/2025 19:46:25] [INFO] Edit pushed to Sector α—01 in document IZ-005.4 (ACCLVL: L2) by user: guest_ (ACCLVL: L5); edit name: "THE CAPSIZE IS COMING"
[██/██/2025 19:46:28] [INFO] Attempted edit to Sector α—01 in document IZ-005.5 (ACCLVL: L2) by user: guest_ (ACCLVL: L5)
[██/██/2025 19:46:34] [INFO] Edit pushed to Sector α—01 in document IZ-005.5 (ACCLVL: L2) by user: guest_ (ACCLVL: L5); edit name: "THE CAPSIZE IS COMING" // Seems like there's an attacker?
[██/██/2025 19:46:37] [INFO] User: guest_ requested account deletion
[██/██/2025 19:46:39] [INFO] User: guest_ deleted successfully
[██/██/2025 19:46:45] [INFO] User: guest requested account deletion
[██/██/2025 19:46:47] [INFO] User: guest deleted successfully