Vulpes vulpes hops over brown lethargic Canis familiaris.
Gsv jfrxp yildm ulc qfnkh levi gsv ozab wlt.
// YVTRM OLT UROV GIZMHXIRKGRLM YVTRM OLT UROV GIZMHXIRKGRLM
Gsrh urov dzh xivzgvw lm [11-08-2025 19:14]. Lmv lmv avil vrtsg gdl avil gdl urev lmv mrmvi lmv ulfi. Rg rh z gizmhxirkgrlm lu z gizmhxirkgrlm lu z gizmhxirkgrlm lu z gizmhxirkgrlm lu z gizmhxirkgrlm lu z gizmhxirkgrlm lu z ivxliwrmt gszg rh lu z gizmhxirkgrlm.
[YVTRM GIZMHXIRKG]
[Wi. Dllw] Svooooooooooooooooooooooooooooooooooooooooooooooooooooooooooooooooooooooooooool
[MG] Svooooooooooooooooooooooooooooooooooooooooooooooooooooooooooooooooooooooooooool
[Wi. Dllw] Svoooooooooooooooooooooooooooooooooooooooooooooooooooooooooooooooooooooooooooooool
[MG] Svoooooooooooooooooooooooooooooooooooooooooooooooooooooooooooooooooooooooooooooool
[Wi. Dllw] Svoooooooooooooooooooooooooooooooooooooooooooooooooooooooooooooooooooooool
[MG] Svoooooooooooooooooooooooooooooooooooooooooooooooooooooooooooooooooooooool
[Wi. Dllw] Svooooooooooooooooooooooooooooooool
[MG] Svooooooooooooooooooooooooooooooool
[Wi. Dllw] Svoooooooooooooooooooooooooooooooooooooooooooooooooooooooooooooooooool
[MG] Svoooooooooooooooooooooooooooooooooooooooooooooooooooooooooooooooooool
[Wi. Dllw] Svoooooooooooooooooooooooooooooooooooooooooooooooooooooooooooooooooooooooooooooool
[MG] Svoooooooooooooooooooooooooooooooooooooooooooooooooooooooooooooooooooooooooooooool
[Wi. Dllw] Svooooooooooooooooooooooooooooooooooooooooooooooooooooooooooooooooooool
[MG] Svooooooooooooooooooooooooooooooooooooooooooooooooooooooooooooooooooool
[Wi. Dllw] Svoooooooooooooooooooooooooooooooooooooooooooooooooooooooooooooooooooool
[MG] Svoooooooooooooooooooooooooooooooooooooooooooooooooooooooooooooooooooool
[Wi. Dllw] Svooooooooooooooooooooooooooooooooooooooooooooooooooooooooool
[MG] Svooooooooooooooooooooooooooooooooooooooooooooooooooooooooool
[Wi. Dllw] Svooooooooooooooooooooooooooooooool
[MG] Svooooooooooooooooooooooooooooooool
[Wi. Dllw] Svoooooooooooooooooooooooooooooooooooooooooooooooooooooooooooooooooooool
[MG] Svoooooooooooooooooooooooooooooooooooooooooooooooooooooooooooooooooooooooooooooool
[Wi. Dllw] Svooooooooooooooooooooooooooooooooooooooooooooooooooooooooooooooooooooooooooooooooooooool
[MG] Svooooooooooooooooooooooooooooooooooooooooooooooooooooooooooooooooool
[Wi. Dllw] Svoooooooooooooooooooooooooooooooooooooooooooooooooooooooooooooooooooooooool
[MG] Svooooooooooooooooooooooooooooooooooooooooooooooooooooooooooooooooooooooooool
[Wi. Dllw] Svooooooooooooooooooooooooooooooooooooooooooooooooooooooooooooooooooool
[MG] Svoooooooooooooooooooooooooooooooooooooooooooooooooooooooooooooooooooool
[Wi. Dllw] Svoooooooooooooooooooooooooooooooooooooooooooooooooooooooooooooooooooool
[MG] Svoooooooooooooooooooooooooooooooooooooooooooooooooooooooooooooooooool
[Wi. Dllw] Svooooooooooooooooooooooooooooooooooooooooooooooooooooooooooooooooooooooooooooool
[MG] Svooooooooooooooooooooooooooooooooooooooooooooooooooooooooooooooooooooooooooooooooooool
[Wi. Dllw] Svoooooooooooooooooooooooooooooooooooooooooooooooooooooooooooooooooool
[MG] Svoooooooooooooooooooooooooooooooooooooooooooooooooooooooooooooooooooooooool
[Wi. Dllw] Svoooooooooooooooooooooooooooooooooooooooooooooooooooooooooooooooooooool
[MG] Svooooooooooooooooooooooooooooooooooooooooooooooooooooooooooooooooooooooooooooooooooooool
[Wi. Dllw] Svoooooooooooooooooooooooooooooooooooooooooooooooooooooooooooooooooooooooooooooooooool
[MG] Svoooooooooooooooooooooooooooooooooooooooooooooooooooooooooooooooooooool
[VMW GIZMHXIRKG]